<?xml version="1.0" encoding="UTF-8" ?>
<testsuite tests="24" failures="6" name="TestSuite" time="37.846" errors="0" skipped="18">
  <properties>
[...]
</properties>
  <testcase classname="com.kmehohsoft.dev.MainApplicationPageTest" name="beforeSuite" time="0">
    <failure message="A new session could not be created. (Original error: eri.kmehohsoft.android.tablet/eri.kmehohsoft.android.MainActivity never started. Current: eri.kmehohsoft.android.tablet/eri.kmehohsoft.android.LoginActivity) (WARNING: The server did not provide any stacktrace information)
Command duration or timeout: 0 milliseconds
Build info: version: &apos;3.0.1&apos;, revision: &apos;1969d75&apos;, time: &apos;2016-10-18 09:49:13 -0700&apos;
System info: host: &apos;DESKTOP-J47ACUC&apos;, ip: &apos;192.168.207.93&apos;, os.name: &apos;Windows 10&apos;, os.arch: &apos;amd64&apos;, os.version: &apos;10.0&apos;, java.version: &apos;1.8.0_111&apos;
Driver info: driver.version: AndroidDriver" type="org.openqa.selenium.SessionNotCreatedException">org.openqa.selenium.SessionNotCreatedException: A new session could not be created. (Original error: eri.kmehohsoft.android.tablet/eri.kmehohsoft.android.MainActivity never started. Current: eri.kmehohsoft.android.tablet/eri.kmehohsoft.android.LoginActivity) (WARNING: The server did not provide any stacktrace information)
Command duration or timeout: 0 milliseconds
Build info: version: &apos;3.0.1&apos;, revision: &apos;1969d75&apos;, time: &apos;2016-10-18 09:49:13 -0700&apos;
System info: host: &apos;DESKTOP-J47ACUC&apos;, ip: &apos;192.168.207.93&apos;, os.name: &apos;Windows 10&apos;, os.arch: &apos;amd64&apos;, os.version: &apos;10.0&apos;, java.version: &apos;1.8.0_111&apos;
Driver info: driver.version: AndroidDriver
	at sun.reflect.NativeConstructorAccessorImpl.newInstance0(Native Method)
	at sun.reflect.NativeConstructorAccessorImpl.newInstance(NativeConstructorAccessorImpl.java:62)
	at sun.reflect.DelegatingConstructorAccessorImpl.newInstance(DelegatingConstructorAccessorImpl.java:45)
	at java.lang.reflect.Constructor.newInstance(Constructor.java:423)
	at org.openqa.selenium.remote.ErrorHandler.createThrowable(ErrorHandler.java:216)
	at org.openqa.selenium.remote.ErrorHandler.throwIfResponseFailed(ErrorHandler.java:168)
	at org.openqa.selenium.remote.ProtocolHandshake.createSession(ProtocolHandshake.java:161)
	at org.openqa.selenium.remote.ProtocolHandshake.createSession(ProtocolHandshake.java:64)
	at org.openqa.selenium.remote.HttpCommandExecutor.execute(HttpCommandExecutor.java:141)
	at io.appium.java_client.remote.AppiumCommandExecutor.execute(AppiumCommandExecutor.java:67)
	at org.openqa.selenium.remote.RemoteWebDriver.execute(RemoteWebDriver.java:601)
	at io.appium.java_client.DefaultGenericMobileDriver.execute(DefaultGenericMobileDriver.java:42)
	at io.appium.java_client.AppiumDriver.execute(AppiumDriver.java:1)
	at io.appium.java_client.android.AndroidDriver.execute(AndroidDriver.java:1)
	at org.openqa.selenium.remote.RemoteWebDriver.startSession(RemoteWebDriver.java:241)
	at org.openqa.selenium.remote.RemoteWebDriver.&lt;init&gt;(RemoteWebDriver.java:128)
	at org.openqa.selenium.remote.RemoteWebDriver.&lt;init&gt;(RemoteWebDriver.java:141)
	at io.appium.java_client.DefaultGenericMobileDriver.&lt;init&gt;(DefaultGenericMobileDriver.java:37)
	at io.appium.java_client.AppiumDriver.&lt;init&gt;(AppiumDriver.java:161)
	at io.appium.java_client.AppiumDriver.&lt;init&gt;(AppiumDriver.java:170)
	at io.appium.java_client.android.AndroidDriver.&lt;init&gt;(AndroidDriver.java:82)
	at com.kmehohsoft.dev.framework.BaseTest.beforeSuite(BaseTest.java:40)
	at sun.reflect.NativeMethodAccessorImpl.invoke0(Native Method)
	at sun.reflect.NativeMethodAccessorImpl.invoke(NativeMethodAccessorImpl.java:62)
	at sun.reflect.DelegatingMethodAccessorImpl.invoke(DelegatingMethodAccessorImpl.java:43)
	at java.lang.reflect.Method.invoke(Method.java:498)
	at org.testng.internal.MethodInvocationHelper.invokeMethod(MethodInvocationHelper.java:80)
	at org.testng.internal.Invoker.invokeConfigurationMethod(Invoker.java:564)
	at org.testng.internal.Invoker.invokeConfigurations(Invoker.java:213)
	at org.testng.internal.Invoker.invokeConfigurations(Invoker.java:138)
	at org.testng.SuiteRunner.privateRun(SuiteRunner.java:277)
	at org.testng.SuiteRunner.run(SuiteRunner.java:240)
	at org.testng.SuiteRunnerWorker.runSuite(SuiteRunnerWorker.java:52)
	at org.testng.SuiteRunnerWorker.run(SuiteRunnerWorker.java:86)
	at org.testng.TestNG.runSuitesSequentially(TestNG.java:1198)
	at org.testng.TestNG.runSuitesLocally(TestNG.java:1123)
	at org.testng.TestNG.run(TestNG.java:1031)
	at org.apache.maven.surefire.testng.TestNGExecutor.run(TestNGExecutor.java:122)
	at org.apache.maven.surefire.testng.TestNGXmlTestSuite.execute(TestNGXmlTestSuite.java:88)
	at org.apache.maven.surefire.testng.TestNGProvider.invoke(TestNGProvider.java:104)
	at sun.reflect.NativeMethodAccessorImpl.invoke0(Native Method)
	at sun.reflect.NativeMethodAccessorImpl.invoke(NativeMethodAccessorImpl.java:62)
	at sun.reflect.DelegatingMethodAccessorImpl.invoke(DelegatingMethodAccessorImpl.java:43)
	at java.lang.reflect.Method.invoke(Method.java:498)
	at org.apache.maven.surefire.booter.ProviderFactory$ClassLoaderProxy.invoke(ProviderFactory.java:103)
	at com.sun.proxy.$Proxy0.invoke(Unknown Source)
	at org.apache.maven.surefire.booter.SurefireStarter.invokeProvider(SurefireStarter.java:150)
	at org.apache.maven.surefire.booter.SurefireStarter.runSuitesInProcess(SurefireStarter.java:91)
	at org.apache.maven.surefire.booter.ForkedBooter.main(ForkedBooter.java:69)
</failure>
  </testcase>
  <testcase classname="com.kmehohsoft.dev.MainApplicationPageTest" name="openLoginPage" time="0.006">
    <skipped/>
  </testcase>
  <testcase classname="com.kmehohsoft.dev.MainApplicationPageTest" name="openMainApplicationPage" time="0.006">
    <skipped/>
  </testcase>
  <testcase classname="com.kmehohsoft.dev.LoginPageTest" name="switchToUserAgreementPage" time="0">
    <skipped/>
  </testcase>
  <testcase classname="com.kmehohsoft.dev.LoginPageTest" name="switchToAuthorizationPage" time="0">
    <skipped/>
  </testcase>
  <testcase classname="com.kmehohsoft.dev.LoginPageTest" name="switchLanguage" time="0">
    <skipped/>
  </testcase>
  <testcase classname="com.kmehohsoft.dev.LoginPageTest" name="switchLanguage" time="0">
    <skipped/>
  </testcase>
  <testcase classname="com.kmehohsoft.dev.LoginPageTest" name="switchLanguage" time="0">
    <skipped/>
  </testcase>
  <testcase classname="com.kmehohsoft.dev.LoginPageTest" name="switchLanguage" time="0">
    <skipped/>
  </testcase>
  <testcase classname="com.kmehohsoft.dev.LoginPageTest" name="switchLanguage" time="0">
    <skipped/>
  </testcase>
  <testcase classname="com.kmehohsoft.dev.LoginPageTest" name="switchLanguage" time="0">
    <skipped/>
  </testcase>
  <testcase classname="com.kmehohsoft.dev.LoginPageTest" name="userActivation" time="0">
    <skipped/>
  </testcase>
  <testcase classname="com.kmehohsoft.dev.LoginAfterActivationTest" name="openLoginPage" time="0.002">
    <skipped/>
  </testcase>
  <testcase classname="com.kmehohsoft.dev.LoginAfterActivationTest" name="userLoginAfterActivation" time="0">
    <skipped/>
  </testcase>
  <testcase classname="com.kmehohsoft.dev.MainApplicationPageTest" name="downloadDatabase" time="0">
    <skipped/>
  </testcase>
  <testcase classname="com.kmehohsoft.dev.MainApplicationPageTest" name="closeApp" time="0.001">
    <failure type="java.lang.NullPointerException">java.lang.NullPointerException
	at com.kmehohsoft.dev.MainApplicationPageTest.closeApp(MainApplicationPageTest.java:68)
</failure>
  </testcase>
  <testcase classname="com.kmehohsoft.dev.MainApplicationPageTest" name="watchUserAgreement" time="0">
    <skipped/>
  </testcase>
  <testcase classname="com.kmehohsoft.dev.MainApplicationPageTest" name="closeApp" time="0.002">
    <failure type="java.lang.NullPointerException">java.lang.NullPointerException
	at com.kmehohsoft.dev.MainApplicationPageTest.closeApp(MainApplicationPageTest.java:68)
</failure>
  </testcase>
  <testcase classname="com.kmehohsoft.dev.MainApplicationPageTest" name="backToPatientsPage" time="0">
    <skipped/>
  </testcase>
  <testcase classname="com.kmehohsoft.dev.MainApplicationPageTest" name="closeApp" time="0.003">
    <failure type="java.lang.NullPointerException">java.lang.NullPointerException
	at com.kmehohsoft.dev.MainApplicationPageTest.closeApp(MainApplicationPageTest.java:68)
</failure>
  </testcase>
  <testcase classname="com.kmehohsoft.dev.MainApplicationPageTest" name="downloadOrOpenManual" time="0">
    <skipped/>
  </testcase>
  <testcase classname="com.kmehohsoft.dev.MainApplicationPageTest" name="closeApp" time="0.001">
    <failure type="java.lang.NullPointerException">java.lang.NullPointerException
	at com.kmehohsoft.dev.MainApplicationPageTest.closeApp(MainApplicationPageTest.java:68)
</failure>
  </testcase>
  <testcase classname="com.kmehohsoft.dev.MainApplicationPageTest" name="checkApplicationData" time="0">
    <skipped/>
  </testcase>
  <testcase classname="com.kmehohsoft.dev.MainApplicationPageTest" name="closeApp" time="0.001">
    <failure type="java.lang.NullPointerException">java.lang.NullPointerException
	at com.kmehohsoft.dev.MainApplicationPageTest.closeApp(MainApplicationPageTest.java:68)
</failure>
  </testcase>
</testsuite>