-------------------------------------------------------------------------------
Test set: TestSuite
-------------------------------------------------------------------------------
Tests run: 24, Failures: 6, Errors: 0, Skipped: 18, Time elapsed: 37.787 sec <<< FAILURE!
beforeSuite(com.kmehohsoft.dev.MainApplicationPageTest)  Time elapsed: 0 sec  <<< FAILURE!
org.openqa.selenium.SessionNotCreatedException: A new session could not be created. (Original error: eri.kmehohsoft.android.tablet/eri.kmehohsoft.android.MainActivity never started. Current: eri.kmehohsoft.android.tablet/eri.kmehohsoft.android.LoginActivity) (WARNING: The server did not provide any stacktrace information)
Command duration or timeout: 0 milliseconds
Build info: version: '3.0.1', revision: '1969d75', time: '2016-10-18 09:49:13 -0700'
System info: host: 'DESKTOP-J47ACUC', ip: '192.168.207.93', os.name: 'Windows 10', os.arch: 'amd64', os.version: '10.0', java.version: '1.8.0_111'
Driver info: driver.version: AndroidDriver
	at sun.reflect.NativeConstructorAccessorImpl.newInstance0(Native Method)
	at sun.reflect.NativeConstructorAccessorImpl.newInstance(NativeConstructorAccessorImpl.java:62)
	at sun.reflect.DelegatingConstructorAccessorImpl.newInstance(DelegatingConstructorAccessorImpl.java:45)
	at java.lang.reflect.Constructor.newInstance(Constructor.java:423)
	at org.openqa.selenium.remote.ErrorHandler.createThrowable(ErrorHandler.java:216)
	at org.openqa.selenium.remote.ErrorHandler.throwIfResponseFailed(ErrorHandler.java:168)
	at org.openqa.selenium.remote.ProtocolHandshake.createSession(ProtocolHandshake.java:161)
	at org.openqa.selenium.remote.ProtocolHandshake.createSession(ProtocolHandshake.java:64)
	at org.openqa.selenium.remote.HttpCommandExecutor.execute(HttpCommandExecutor.java:141)
	at io.appium.java_client.remote.AppiumCommandExecutor.execute(AppiumCommandExecutor.java:67)
	at org.openqa.selenium.remote.RemoteWebDriver.execute(RemoteWebDriver.java:601)
	at io.appium.java_client.DefaultGenericMobileDriver.execute(DefaultGenericMobileDriver.java:42)
	at io.appium.java_client.AppiumDriver.execute(AppiumDriver.java:1)
	at io.appium.java_client.android.AndroidDriver.execute(AndroidDriver.java:1)
	at org.openqa.selenium.remote.RemoteWebDriver.startSession(RemoteWebDriver.java:241)
	at org.openqa.selenium.remote.RemoteWebDriver.<init>(RemoteWebDriver.java:128)
	at org.openqa.selenium.remote.RemoteWebDriver.<init>(RemoteWebDriver.java:141)
	at io.appium.java_client.DefaultGenericMobileDriver.<init>(DefaultGenericMobileDriver.java:37)
	at io.appium.java_client.AppiumDriver.<init>(AppiumDriver.java:161)
	at io.appium.java_client.AppiumDriver.<init>(AppiumDriver.java:170)
	at io.appium.java_client.android.AndroidDriver.<init>(AndroidDriver.java:82)
	at com.kmehohsoft.dev.framework.BaseTest.beforeSuite(BaseTest.java:40)
	at sun.reflect.NativeMethodAccessorImpl.invoke0(Native Method)
	at sun.reflect.NativeMethodAccessorImpl.invoke(NativeMethodAccessorImpl.java:62)
	at sun.reflect.DelegatingMethodAccessorImpl.invoke(DelegatingMethodAccessorImpl.java:43)
	at java.lang.reflect.Method.invoke(Method.java:498)
	at org.testng.internal.MethodInvocationHelper.invokeMethod(MethodInvocationHelper.java:80)
	at org.testng.internal.Invoker.invokeConfigurationMethod(Invoker.java:564)
	at org.testng.internal.Invoker.invokeConfigurations(Invoker.java:213)
	at org.testng.internal.Invoker.invokeConfigurations(Invoker.java:138)
	at org.testng.SuiteRunner.privateRun(SuiteRunner.java:277)
	at org.testng.SuiteRunner.run(SuiteRunner.java:240)
	at org.testng.SuiteRunnerWorker.runSuite(SuiteRunnerWorker.java:52)
	at org.testng.SuiteRunnerWorker.run(SuiteRunnerWorker.java:86)
	at org.testng.TestNG.runSuitesSequentially(TestNG.java:1198)
	at org.testng.TestNG.runSuitesLocally(TestNG.java:1123)
	at org.testng.TestNG.run(TestNG.java:1031)
	at org.apache.maven.surefire.testng.TestNGExecutor.run(TestNGExecutor.java:122)
	at org.apache.maven.surefire.testng.TestNGXmlTestSuite.execute(TestNGXmlTestSuite.java:88)
	at org.apache.maven.surefire.testng.TestNGProvider.invoke(TestNGProvider.java:104)
	at sun.reflect.NativeMethodAccessorImpl.invoke0(Native Method)
	at sun.reflect.NativeMethodAccessorImpl.invoke(NativeMethodAccessorImpl.java:62)
	at sun.reflect.DelegatingMethodAccessorImpl.invoke(DelegatingMethodAccessorImpl.java:43)
	at java.lang.reflect.Method.invoke(Method.java:498)
	at org.apache.maven.surefire.booter.ProviderFactory$ClassLoaderProxy.invoke(ProviderFactory.java:103)
	at com.sun.proxy.$Proxy0.invoke(Unknown Source)
	at org.apache.maven.surefire.booter.SurefireStarter.invokeProvider(SurefireStarter.java:150)
	at org.apache.maven.surefire.booter.SurefireStarter.runSuitesInProcess(SurefireStarter.java:91)
	at org.apache.maven.surefire.booter.ForkedBooter.main(ForkedBooter.java:69)

closeApp(com.kmehohsoft.dev.MainApplicationPageTest)  Time elapsed: 0.001 sec  <<< FAILURE!
java.lang.NullPointerException
	at com.kmehohsoft.dev.MainApplicationPageTest.closeApp(MainApplicationPageTest.java:68)

closeApp(com.kmehohsoft.dev.MainApplicationPageTest)  Time elapsed: 0.002 sec  <<< FAILURE!
java.lang.NullPointerException
	at com.kmehohsoft.dev.MainApplicationPageTest.closeApp(MainApplicationPageTest.java:68)

closeApp(com.kmehohsoft.dev.MainApplicationPageTest)  Time elapsed: 0.002 sec  <<< FAILURE!
java.lang.NullPointerException
	at com.kmehohsoft.dev.MainApplicationPageTest.closeApp(MainApplicationPageTest.java:68)

closeApp(com.kmehohsoft.dev.MainApplicationPageTest)  Time elapsed: 0.001 sec  <<< FAILURE!
java.lang.NullPointerException
	at com.kmehohsoft.dev.MainApplicationPageTest.closeApp(MainApplicationPageTest.java:68)

closeApp(com.kmehohsoft.dev.MainApplicationPageTest)  Time elapsed: 0.001 sec  <<< FAILURE!
java.lang.NullPointerException
	at com.kmehohsoft.dev.MainApplicationPageTest.closeApp(MainApplicationPageTest.java:68)

