<?xml version="1.0" encoding="UTF-8"?>
<testsuite name="AuthorizationAndLoginTest"
           tests="9"
           failures="0"
           errors="0"
           skipped="9"
           time="0.002">
  <properties />
  
            <testcase name="switchLanguage" time="0.0" classname="com.kmehohsoft.dev.LoginPageTest">
          <skipped />
    </testcase>
            <testcase name="switchLanguage" time="0.0" classname="com.kmehohsoft.dev.LoginPageTest">
          <skipped />
    </testcase>
            <testcase name="switchToAuthorizationPage" time="0.0" classname="com.kmehohsoft.dev.LoginPageTest">
          <skipped />
    </testcase>
            <testcase name="switchLanguage" time="0.0" classname="com.kmehohsoft.dev.LoginPageTest">
          <skipped />
    </testcase>
            <testcase name="switchLanguage" time="0.0" classname="com.kmehohsoft.dev.LoginPageTest">
          <skipped />
    </testcase>
            <testcase name="switchLanguage" time="0.0" classname="com.kmehohsoft.dev.LoginPageTest">
          <skipped />
    </testcase>
            <testcase name="userActivation" time="0.0" classname="com.kmehohsoft.dev.LoginPageTest">
          <skipped />
    </testcase>
            <testcase name="switchLanguage" time="0.0" classname="com.kmehohsoft.dev.LoginPageTest">
          <skipped />
    </testcase>
            <testcase name="switchToUserAgreementPage" time="0.0" classname="com.kmehohsoft.dev.LoginPageTest">
          <skipped />
    </testcase>
  
  
</testsuite>
