<?xml version="1.0" encoding="UTF-8"?>
<testsuite name="AuthorizationAndLoginTest"
           tests="2"
           failures="0"
           errors="0"
           skipped="2"
           time="0.000">
  <properties />
  
            <testcase name="openLoginPage" time="0.0" classname="com.kmehohsoft.dev.LoginAfterActivationTest">
          <skipped />
    </testcase>
            <testcase name="userLoginAfterActivation" time="0.0" classname="com.kmehohsoft.dev.LoginAfterActivationTest">
          <skipped />
    </testcase>
  
  
</testsuite>
